#
# There is insufficient memory for the Java Runtime Environment to continue.
# Native memory allocation (mmap) failed to map 134217728 bytes for G1 virtual space
# Possible reasons:
#   The system is out of physical RAM or swap space
#   The process is running with CompressedOops enabled, and the Java Heap may be blocking the growth of the native heap
# Possible solutions:
#   Reduce memory load on the system
#   Increase physical memory or swap space
#   Check if swap backing store is full
#   Decrease Java heap size (-Xmx/-Xms)
#   Decrease number of Java threads
#   Decrease Java thread stack sizes (-Xss)
#   Set larger code cache with -XX:ReservedCodeCacheSize=
#   JVM is running with Unscaled Compressed Oops mode in which the Java heap is
#     placed in the first 4GB address space. The Java Heap base address is the
#     maximum limit for the native heap growth. Please use -XX:HeapBaseMinAddress
#     to set the Java Heap base and to place the Java Heap above 4GB virtual address.
# This output file may be truncated or incomplete.
#
#  Out of Memory Error (./open/src/hotspot/os/windows/os_windows.cpp:3321), pid=7584, tid=7060
#
# JRE version:  (15.0.2+7) (build )
# Java VM: Java HotSpot(TM) 64-Bit Server VM (15.0.2+7-27, mixed mode, sharing, tiered, compressed oops, g1 gc, windows-amd64)
# No core dump will be written. Minidumps are not enabled by default on client versions of Windows
#

---------------  S U M M A R Y ------------

Command Line: -Dfile.encoding=Cp1250 -XX:+ShowCodeDetailsInExceptionMessages flota.Start

Host: Intel(R) Core(TM) i5-9300HF CPU @ 2.40GHz, 8 cores, 7G,  Windows 10 , 64 bit Build 19041 (10.0.19041.1023)
Time: Fri Jul 16 23:45:53 2021 Œrodkowoeuropejski czas letni elapsed time: 0.011806 seconds (0d 0h 0m 0s)

---------------  T H R E A D  ---------------

Current thread (0x0000016e8a568ce0):  JavaThread "Unknown thread" [_thread_in_vm, id=7060, stack(0x0000000e1ae00000,0x0000000e1af00000)]

Stack: [0x0000000e1ae00000,0x0000000e1af00000]
Native frames: (J=compiled Java code, j=interpreted, Vv=VM code, C=native code)
V  [jvm.dll+0x62ae9a]
V  [jvm.dll+0x7817a9]
V  [jvm.dll+0x782f03]
V  [jvm.dll+0x783563]
V  [jvm.dll+0x216325]
V  [jvm.dll+0x6281d9]
V  [jvm.dll+0x61cf55]
V  [jvm.dll+0x2cffdd]
V  [jvm.dll+0x2cfe42]
V  [jvm.dll+0x2d5e1c]
V  [jvm.dll+0x32590a]
V  [jvm.dll+0x324fd4]
V  [jvm.dll+0x2a6f5a]
V  [jvm.dll+0x2a80f8]
V  [jvm.dll+0x75e241]
V  [jvm.dll+0x3341c4]
V  [jvm.dll+0x73e926]
V  [jvm.dll+0x3b7557]
V  [jvm.dll+0x3b8fe1]
C  [jli.dll+0x52fb]
C  [ucrtbase.dll+0x21bb2]
C  [KERNEL32.DLL+0x17034]
C  [ntdll.dll+0x52651]


---------------  P R O C E S S  ---------------

Threads class SMR info:
_java_thread_list=0x00007ffdadfb4ff0, length=0, elements={
}

Java Threads: ( => current thread )

Other Threads:
  0x0000016e8a5aa610 GCTaskThread "GC Thread#0" [stack: 0x0000000e1af00000,0x0000000e1b000000] [id=2608]
  0x0000016e8a5bcbe0 ConcurrentGCThread "G1 Main Marker" [stack: 0x0000000e1b000000,0x0000000e1b100000] [id=9708]
  0x0000016e8a5bd6e0 ConcurrentGCThread "G1 Conc#0" [stack: 0x0000000e1b100000,0x0000000e1b200000] [id=4532]

[error occurred during error reporting (printing all threads), id 0xc0000005, EXCEPTION_ACCESS_VIOLATION (0xc0000005) at pc=0x00007ffdad7a7e27]

VM state: not at safepoint (not fully initialized)

VM Mutex/Monitor currently owned by a thread:  ([mutex/lock_event])
[0x0000016e8a566390] Heap_lock - owner thread: 0x0000016e8a568ce0

Heap address: 0x0000000081200000, size: 2030 MB, Compressed Oops mode: 32-bit
CDS archive(s) mapped at: [0x0000000000000000-0x0000000000000000-0x0000000000000000), size 0, SharedBaseAddress: 0x0000000800000000, ArchiveRelocationMode: 0.
Narrow klass base: 0x0000000000000000, Narrow klass shift: 0, Narrow klass range: 0x0

Heap:
 garbage-first heap   total 131072K, used 0K [0x0000000081200000, 0x0000000100000000)
  region size 1024K, 0 young (0K), 0 survivors (0K)
 Metaspace       used 0K, capacity 0K, committed 0K, reserved 0K
  class space    used 0K, capacity 0K, committed 0K, reserved 0K

Heap Regions: E=young(eden), S=young(survivor), O=old, HS=humongous(starts), HC=humongous(continues), CS=collection set, F=free, OA=open archive, CA=closed archive, TAMS=top-at-mark-start (previous, next)

Card table byte_map: [0x0000016ea1ed0000,0x0000016ea22d0000] _byte_map_base: 0x0000016ea1ac7000

Marking Bits (Prev, Next): (CMBitMap*) 0x0000016e8a5abd20, (CMBitMap*) 0x0000016e8a5abd60
 Prev Bits: [0x0000016ea26d0000, 0x0000016ea4688000)
 Next Bits: [0x0000016ea4690000, 0x0000016ea6648000)

GC Heap History (0 events):
No events

Deoptimization events (0 events):
No events

Classes unloaded (0 events):
No events

Classes redefined (0 events):
No events

Internal exceptions (0 events):
No events

Events (1 events):
Event: 0.006 Loaded shared library C:\Program Files\Java\jdk-15.0.2\bin\java.dll


Dynamic libraries:
0x00007ff6d0f90000 - 0x00007ff6d0f9f000 	C:\Program Files\Java\jdk-15.0.2\bin\javaw.exe
0x00007ffe03ff0000 - 0x00007ffe041e5000 	C:\Windows\SYSTEM32\ntdll.dll
0x00007ffe031a0000 - 0x00007ffe0325d000 	C:\Windows\System32\KERNEL32.DLL
0x00007ffe01730000 - 0x00007ffe019f9000 	C:\Windows\System32\KERNELBASE.dll
0x00007ffe01d00000 - 0x00007ffe01e00000 	C:\Windows\System32\ucrtbase.dll
0x00007ffdae1a0000 - 0x00007ffdae1b8000 	C:\Program Files\Java\jdk-15.0.2\bin\jli.dll
0x00007ffdae180000 - 0x00007ffdae199000 	C:\Program Files\Java\jdk-15.0.2\bin\VCRUNTIME140.dll
0x00007ffe02da0000 - 0x00007ffe02e4c000 	C:\Windows\System32\ADVAPI32.dll
0x00007ffe02e50000 - 0x00007ffe02eee000 	C:\Windows\System32\msvcrt.dll
0x00007ffe02060000 - 0x00007ffe020fb000 	C:\Windows\System32\sechost.dll
0x00007ffe02bb0000 - 0x00007ffe02cda000 	C:\Windows\System32\RPCRT4.dll
0x00007ffe02340000 - 0x00007ffe024e0000 	C:\Windows\System32\USER32.dll
0x00007ffe01ae0000 - 0x00007ffe01b02000 	C:\Windows\System32\win32u.dll
0x00007ffde3780000 - 0x00007ffde3a1a000 	C:\Windows\WinSxS\amd64_microsoft.windows.common-controls_6595b64144ccf1df_6.0.19041.1110_none_60b5254171f9507e\COMCTL32.dll
0x00007ffe03340000 - 0x00007ffe0336a000 	C:\Windows\System32\GDI32.dll
0x00007ffe01e00000 - 0x00007ffe01f0b000 	C:\Windows\System32\gdi32full.dll
0x00007ffe01f10000 - 0x00007ffe01fad000 	C:\Windows\System32\msvcp_win.dll
0x00007ffdf8ce0000 - 0x00007ffdf8cea000 	C:\Windows\SYSTEM32\VERSION.dll
0x00007ffe03260000 - 0x00007ffe03290000 	C:\Windows\System32\IMM32.DLL
0x00007ffdcf910000 - 0x00007ffdcf91c000 	C:\Program Files\Java\jdk-15.0.2\bin\vcruntime140_1.dll
0x00007ffdae050000 - 0x00007ffdae0e1000 	C:\Program Files\Java\jdk-15.0.2\bin\msvcp140.dll
0x00007ffdad4f0000 - 0x00007ffdae04e000 	C:\Program Files\Java\jdk-15.0.2\bin\server\jvm.dll
0x00007ffe02b90000 - 0x00007ffe02b98000 	C:\Windows\System32\PSAPI.DLL
0x00007ffdf5b60000 - 0x00007ffdf5b87000 	C:\Windows\SYSTEM32\WINMM.dll
0x00007ffdcc670000 - 0x00007ffdcc679000 	C:\Windows\SYSTEM32\WSOCK32.dll
0x00007ffe03130000 - 0x00007ffe0319b000 	C:\Windows\System32\WS2_32.dll
0x00007ffdff660000 - 0x00007ffdff672000 	C:\Windows\SYSTEM32\kernel.appcore.dll
0x00007ffdc9850000 - 0x00007ffdc985a000 	C:\Program Files\Java\jdk-15.0.2\bin\jimage.dll
0x00007ffdfef40000 - 0x00007ffdff124000 	C:\Windows\SYSTEM32\DBGHELP.DLL
0x00007ffde64a0000 - 0x00007ffde64cc000 	C:\Windows\SYSTEM32\dbgcore.DLL
0x00007ffe01c70000 - 0x00007ffe01cf3000 	C:\Windows\System32\bcryptPrimitives.dll
0x00007ffdae150000 - 0x00007ffdae175000 	C:\Program Files\Java\jdk-15.0.2\bin\java.dll

dbghelp: loaded successfully - version: 4.0.5 - missing functions: none
symbol engine: initialized successfully - sym options: 0x614 - pdb path: .;C:\Program Files\Java\jdk-15.0.2\bin;C:\Windows\SYSTEM32;C:\Windows\WinSxS\amd64_microsoft.windows.common-controls_6595b64144ccf1df_6.0.19041.1110_none_60b5254171f9507e;C:\Program Files\Java\jdk-15.0.2\bin\server

VM Arguments:
jvm_args: -Dfile.encoding=Cp1250 -XX:+ShowCodeDetailsInExceptionMessages 
java_command: flota.Start
java_class_path (initial): C:\Users\slawe\git\repository\FLOTA SPRINGFRAMEWORK\bin;C:\JAVA\Moje bazy danych\spring-framework-5.0.5.RELEASE\libs\spring-aop-5.0.5.RELEASE.jar;C:\JAVA\Moje bazy danych\spring-framework-5.0.5.RELEASE\libs\spring-aop-5.0.5.RELEASE-javadoc.jar;C:\JAVA\Moje bazy danych\spring-framework-5.0.5.RELEASE\libs\spring-aop-5.0.5.RELEASE-sources.jar;C:\JAVA\Moje bazy danych\spring-framework-5.0.5.RELEASE\libs\spring-aspects-5.0.5.RELEASE.jar;C:\JAVA\Moje bazy danych\spring-framework-5.0.5.RELEASE\libs\spring-aspects-5.0.5.RELEASE-javadoc.jar;C:\JAVA\Moje bazy danych\spring-framework-5.0.5.RELEASE\libs\spring-aspects-5.0.5.RELEASE-sources.jar;C:\JAVA\Moje bazy danych\spring-framework-5.0.5.RELEASE\libs\spring-beans-5.0.5.RELEASE.jar;C:\JAVA\Moje bazy danych\spring-framework-5.0.5.RELEASE\libs\spring-beans-5.0.5.RELEASE-javadoc.jar;C:\JAVA\Moje bazy danych\spring-framework-5.0.5.RELEASE\libs\spring-beans-5.0.5.RELEASE-sources.jar;C:\JAVA\Moje bazy danych\spring-framework-5.0.5.RELEASE\libs\spring-context-5.0.5.RELEASE.jar;C:\JAVA\Moje bazy danych\spring-framework-5.0.5.RELEASE\libs\spring-context-5.0.5.RELEASE-javadoc.jar;C:\JAVA\Moje bazy danych\spring-framework-5.0.5.RELEASE\libs\spring-context-5.0.5.RELEASE-sources.jar;C:\JAVA\Moje bazy danych\spring-framework-5.0.5.RELEASE\libs\spring-context-indexer-5.0.5.RELEASE.jar;C:\JAVA\Moje bazy danych\spring-framework-5.0.5.RELEASE\libs\spring-context-indexer-5.0.5.RELEASE-javadoc.jar;C:\JAVA\Moje bazy danych\spring-framework-5.0.5.RELEASE\libs\spring-context-indexer-5.0.5.RELEASE-sources.jar;C:\JAVA\Moje bazy danych\spring-framework-5.0.5.RELEASE\libs\spring-context-support-5.0.5.RELEASE.jar;C:\JAVA\Moje bazy danych\spring-framework-5.0.5.RELEASE\libs\spring-context-support-5.0.5.RELEASE-javadoc.jar;C:\JAVA\Moje bazy danych\spring-framework-5.0.5.RELEASE\libs\spring-context-support-5.0.5.RELEASE-sources.jar;C:\JAVA\Moje bazy danych\spring-framework-5.0.5.RELEASE\libs\spring-core-5.0.5.RELEASE.jar;C:\JAV
Launcher Type: SUN_STANDARD

[Global flags]
     intx CICompilerCount                          = 4                                         {product} {ergonomic}
     uint ConcGCThreads                            = 2                                         {product} {ergonomic}
     uint G1ConcRefinementThreads                  = 8                                         {product} {ergonomic}
   size_t G1HeapRegionSize                         = 1048576                                   {product} {ergonomic}
    uintx GCDrainStackTargetSize                   = 64                                        {product} {ergonomic}
   size_t InitialHeapSize                          = 134217728                                 {product} {ergonomic}
   size_t MarkStackSize                            = 4194304                                   {product} {ergonomic}
   size_t MaxHeapSize                              = 2128609280                                {product} {ergonomic}
   size_t MinHeapDeltaBytes                        = 1048576                                   {product} {ergonomic}
   size_t MinHeapSize                              = 8388608                                   {product} {ergonomic}
    uintx NonNMethodCodeHeapSize                   = 5839372                                {pd product} {ergonomic}
    uintx NonProfiledCodeHeapSize                  = 122909434                              {pd product} {ergonomic}
    uintx ProfiledCodeHeapSize                     = 122909434                              {pd product} {ergonomic}
    uintx ReservedCodeCacheSize                    = 251658240                              {pd product} {ergonomic}
     bool SegmentedCodeCache                       = true                                      {product} {ergonomic}
     bool ShowCodeDetailsInExceptionMessages       = true                                   {manageable} {command line}
   size_t SoftMaxHeapSize                          = 2128609280                             {manageable} {ergonomic}
     bool UseCompressedClassPointers               = true                                 {lp64_product} {ergonomic}
     bool UseCompressedOops                        = true                                 {lp64_product} {ergonomic}
     bool UseG1GC                                  = true                                      {product} {ergonomic}
     bool UseLargePagesIndividualAllocation        = false                                  {pd product} {ergonomic}

Logging:
Log output configuration:
 #0: stdout all=warning uptime,level,tags
 #1: stderr all=off uptime,level,tags

Environment Variables:
JAVA_HOME=C:\Program Files\Java\jdk-15.0.2
PATH=C:\Program Files\Common Files\Oracle\Java\javapath;C:\Windows\system32;C:\Windows;C:\Windows\System32\Wbem;C:\Windows\System32\WindowsPowerShell\v1.0\;C:\Windows\System32\OpenSSH\;C:\Program Files\Microsoft SQL Server\Client SDK\ODBC\110\Tools\Binn\;C:\Program Files (x86)\Microsoft SQL Server\120\Tools\Binn\;C:\Program Files\Microsoft SQL Server\120\Tools\Binn\;C:\Program Files\Microsoft SQL Server\120\DTS\Binn\;C:\Program Files (x86)\Microsoft SQL Server\120\Tools\Binn\ManagementStudio\;C:\Program Files (x86)\Microsoft SQL Server\120\DTS\Binn\;C:\Program Files\Git\cmd;"C:\Program Files\Java\jdk-15.0.2\bin"
USERNAME=slawe
OS=Windows_NT
PROCESSOR_IDENTIFIER=Intel64 Family 6 Model 158 Stepping 13, GenuineIntel



---------------  S Y S T E M  ---------------

OS:
 Windows 10 , 64 bit Build 19041 (10.0.19041.1023)
OS uptime: 0 days 4:22 hours

CPU: total 8 (initial active 8) (4 cores per cpu, 2 threads per core) family 6 model 158 stepping 13 microcode 0xde, cmov, cx8, fxsr, mmx, sse, sse2, sse3, ssse3, sse4.1, sse4.2, popcnt, vzeroupper, avx, avx2, aes, clmul, erms, 3dnowpref, lzcnt, ht, tsc, tscinvbit, bmi1, bmi2, adx, fma, clflush, clflushopt

Memory: 4k page, system-wide physical 8112M (1029M free)
TotalPageFile size 32688M (AvailPageFile size 15M)
current process WorkingSet (physical memory assigned to process): 10M, peak: 10M
current process commit charge ("private bytes"): 60M, peak: 188M

vm_info: Java HotSpot(TM) 64-Bit Server VM (15.0.2+7-27) for windows-amd64 JRE (15.0.2+7-27), built on Dec  7 2020 20:07:01 by "mach5one" with unknown MS VC++:1925

END.
